mode: set
github.com/futurist/nestedmap/nestedmap.go:18.54,21.16 3 1
github.com/futurist/nestedmap/nestedmap.go:21.16,23.3 1 0
github.com/futurist/nestedmap/nestedmap.go:25.2,28.12 3 1
github.com/futurist/nestedmap/nestedmap.go:32.61,33.28 1 1
github.com/futurist/nestedmap/nestedmap.go:33.28,34.58 1 1
github.com/futurist/nestedmap/nestedmap.go:34.58,39.4 4 1
github.com/futurist/nestedmap/nestedmap.go:45.54,47.17 2 1
github.com/futurist/nestedmap/nestedmap.go:47.17,49.3 1 0
github.com/futurist/nestedmap/nestedmap.go:51.2,52.12 2 1
github.com/futurist/nestedmap/nestedmap.go:52.12,54.3 1 1
github.com/futurist/nestedmap/nestedmap.go:56.2,56.14 1 1
github.com/futurist/nestedmap/nestedmap.go:61.61,63.17 2 1
github.com/futurist/nestedmap/nestedmap.go:63.17,65.3 1 0
github.com/futurist/nestedmap/nestedmap.go:67.2,67.34 1 1
github.com/futurist/nestedmap/nestedmap.go:71.81,72.24 1 1
github.com/futurist/nestedmap/nestedmap.go:72.24,74.3 1 0
github.com/futurist/nestedmap/nestedmap.go:76.2,77.13 2 1
github.com/futurist/nestedmap/nestedmap.go:77.13,79.3 1 1
github.com/futurist/nestedmap/nestedmap.go:81.2,81.26 1 1
github.com/futurist/nestedmap/nestedmap.go:81.26,83.3 1 1
github.com/futurist/nestedmap/nestedmap.go:85.2,85.45 1 1
github.com/futurist/nestedmap/nestedmap.go:85.45,87.3 1 1
github.com/futurist/nestedmap/nestedmap.go:89.2,89.19 1 0
github.com/futurist/nestedmap/nestedmap.go:93.80,94.24 1 1
github.com/futurist/nestedmap/nestedmap.go:94.24,96.3 1 0
github.com/futurist/nestedmap/nestedmap.go:98.2,98.26 1 1
github.com/futurist/nestedmap/nestedmap.go:98.26,101.3 2 1
github.com/futurist/nestedmap/nestedmap.go:103.2,103.62 1 1
github.com/futurist/nestedmap/nestedmap.go:103.62,105.3 1 1
github.com/futurist/nestedmap/nestedmap.go:105.8,111.3 3 1
github.com/futurist/nestedmap/nestedmap.go:117.38,120.20 2 1
github.com/futurist/nestedmap/nestedmap.go:120.20,122.3 1 0
github.com/futurist/nestedmap/nestedmap.go:124.2,125.32 2 1
github.com/futurist/nestedmap/nestedmap.go:125.32,127.3 1 1
github.com/futurist/nestedmap/nestedmap.go:129.2,129.13 1 1
